0 info it worked if it ends with ok
1 verbose cli [ 'node', '/usr/local/bin/npm', 'uninstall', 'bower' ]
2 info using npm@1.4.28
3 info using node@v0.10.33
4 verbose node_modules/bower unbuild
5 info preuninstall bower@1.3.12
6 info uninstall bower@1.3.12
7 verbose true,/Users/phu/node/nodetest1/node_modules,/Users/phu/node/nodetest1/node_modules unbuild bower@1.3.12
8 verbose /Users/phu/node/nodetest1/node_modules/.bin,[object Object] binRoot
9 info postuninstall bower@1.3.12
10 error Error: EACCES, unlink '/Users/phu/node/nodetest1/node_modules/bower/node_modules/.bin/cdl'
10 error  { [Error: EACCES, unlink '/Users/phu/node/nodetest1/node_modules/bower/node_modules/.bin/cdl']
10 error   errno: 3,
10 error   code: 'EACCES',
10 error   path: '/Users/phu/node/nodetest1/node_modules/bower/node_modules/.bin/cdl' }
11 error Please try running this command again as root/Administrator.
12 error System Darwin 13.4.0
13 error command "node" "/usr/local/bin/npm" "uninstall" "bower"
14 error cwd /Users/phu/node/nodetest1
15 error node -v v0.10.33
16 error npm -v 1.4.28
17 error path /Users/phu/node/nodetest1/node_modules/bower/node_modules/.bin/cdl
18 error code EACCES
19 error errno 3
20 error stack Error: EACCES, unlink '/Users/phu/node/nodetest1/node_modules/bower/node_modules/.bin/cdl'
21 verbose exit [ 3, true ]
